[     751ms] [ERROR] Failed to load resource: the server responded with a status of 404 () @ https://app.smartsheet.com/favicon.png:0
[   20346ms] [ERROR] Failed to load resource: the server responded with a status of 401 (Unauthorized) @ https://auth.redhat.com/auth/realms/EmployeeIDP/protocol/saml?SAMLRequest=fZJfT4MwFMW%2FCun7KDCB2QwS3ExcMpUM9MEXU%2BAiJKXF3uKfby8MF%2BfLHpt77u%2Bec9I18k70LBlMIw%2FwPgAa66sTEtlxEJFBS6Y4tsgk7wCZKVmW3O%2BZZzus18qoUgliJYigTavkRkkcOtAZ6I%2B2hKfDPiKNMT0yShGVjR3XBhsAY5eqo1nTFoUSYBp7nNKJ7NH0McuJtR2ttJJP0D8EH33aGqqGz%2FvTm2rgokN62%2FVCfQPstik9OaNTCmLtthF5XXrO0uXusqjD2qsrCK8qqFf%2BKnT4dRFyZ5QhDrCTaLg0EfEcL1g4%2FsILctdnTsD84IVY6S%2F5ppVVK98uF1TMImR3eZ4u5lzPoPGYaRSQeD0ZZMfD%2Bqz4y1h%2BapvEF7qdOGt6xp%2BP9exhBI4lKdGW31YihPrcjBUaiIhLaDyv%2FP8S8Q8%3D&RelayState=ss%3Amem%3Aa99c4fb2d10361d350a38659682c445f9279184a341e540a157ee5ea37ff0aca&SigAlg=http%3A%2F%2Fwww.w3.org%2F2001%2F04%2Fxmldsig-more%23rsa-sha256&Signature=RN%2BlS9SnHGg5ql0EIHhAiATlYjum9VgWpHCvz5rGpopLMcRLDJg39%2BL%2BDVVVr0sEWJlZ0GNjs5FHKV1p2vnPRkBYQiHlxS80Phc4PLbeYoKJxKEc3mTuizT%2FAmN1azib14n7fD%2B5KmlWbrYh3ON2xjopM1rJb0EMqELTeJ2vKKzED8lvpZ5W7r%2FUcQ%2FrVLiU9qcwsgkZc93R5wgpoLjBGLf2y0qEWMWO%2BOLvABxzfU5wEv7YSU0Q20WEiPLHXroRn%2FIiN5dqm%2Bw9BOznjb9OO6g7Yw5jHhv%2BKIzwLrOYCJUc9pOIspGwdRMYknMtpL7qfsywQFfwDyjSMdHsQLauTA%3D%3D:0
[   20505ms] [ERROR] Failed to load resource: the server responded with a status of 404 (Not Found) @ https://auth.redhat.com/favicon.ico:0
[   27953ms] [LOG] percent NaN @ :1
[   27953ms] [LOG] cookie exists: undefined @ :1
[   28597ms] [LOG] --------alloy.xdmState:  @ :1
[   28597ms] [LOG] {"_experience":{"analytics":{"customDimensions":{"eVars":{"eVar1":"SAML|auth|realms|EmployeeIDP|login-actions|authenticate","eVar8":"en","eVar10":"SAML|","eVar12":"?execution=6b6244f8-6dd9-4ed8-80c6-c49af558a898&client_id=https%3A%2F%2Fsso.smartsheet.com%2Fsaml&tab_id=6NhDqA0DNIk","eVar18":"https://auth.redhat.com/auth/realms/EmployeeIDP/login-actions/authenticate?execution=6b6244f8-6dd9-4ed8-80c6-c49af558a898&client_id=https%3A%2F%2Fsso.smartsheet.com%2Fsaml&tab_id=6NhDqA0DNIk","eVar83":"https://auth.redhat.com/","eVar84":"auth.redhat.com","eVar9":"NaN"},"props":{"prop1":"SAML|auth|realms","prop2":"SAML|auth|realms|EmployeeIDP","prop19":"SDK:2.30.0|EDDL-Tags|Catchall [no 3PT]|2026-05-18T14:46:36Z","prop24":"D=v19","prop64":"a3ad65c4-2042-4b32-8066-e3b7200c682c"},"lists":{"list2":{"list":[{"value":""}]},"list1":{"list":[{"value":""}]}}},"event1to100":{"event1":{"value":1}}}},"web":{"webPageDetails":{"server":"auth.redhat.com","siteSection":"SAML|auth","name":"SAML|auth|realms|EmployeeIDP|login-actions|authenticate"}}} @ :1
[   31396ms] [INFO] Loaded SMILE version 447a7810 @ https://smile-assets.smartsheet.com/bootstrap/default/bootstrap.js:0
[   31396ms] [INFO] Import map retrieved: {"imports":{},"scopes":{}} @ https://smile-assets.smartsheet.com/bootstrap/default/bootstrap.js:0
[   31396ms] [INFO] Parsed import map: {imports: Object, scopes: Object} @ https://smile-assets.smartsheet.com/bootstrap/default/bootstrap.js:0
[   31417ms] [INFO] Initializing federated host, loaded from https://smile-assets.smartsheet.com/packages/@smartsheet/waui-federated-host/1.0.1779706862141/index.js @ https://smile-assets.smartsheet.com/packages/@smartsheet/waui-federated-host/1.0.1779706862141/index.js:1
[   31417ms] [INFO] Loaded WAUI version: 1779706862141 @ https://smile-assets.smartsheet.com/packages/@smartsheet/waui-federated-host/1.0.1779706862141/index.js:1
[   31449ms] [LOG] Loading reactAppEntry from URL  https://smile-assets.smartsheet.com/packages/@smartsheet/waui-federated-host/1.0.1779706862141/legacy-react-app/entry.reactApp.ffc44b64c21c4766.js @ https://smile-assets.smartsheet.com/packages/@smartsheet/waui-federated-host/1.0.1779706862141/index.js:1
[   31451ms] [INFO] Script loaded successfully @ https://smile-assets.smartsheet.com/bootstrap/default/bootstrap.js:0
[   32439ms] [WARNING] Uncompiled message detected! Message:

> Approvals

That means you use raw catalog or your catalog doesn't have a translation for the message and fallback was used.
ICU features such as interpolation and plurals will not work properly for that message. 

Please compile your catalog first. 
 @ https://smile-assets.smartsheet.com/packages/@smartsheet/waui-federated-host/1.0.1779706862141/legacy-react-app/static/js/async/92531.8884d92b.1.js:0
[   32439ms] [WARNING] Uncompiled message detected! Message:

> Conversations

That means you use raw catalog or your catalog doesn't have a translation for the message and fallback was used.
ICU features such as interpolation and plurals will not work properly for that message. 

Please compile your catalog first. 
 @ https://smile-assets.smartsheet.com/packages/@smartsheet/waui-federated-host/1.0.1779706862141/legacy-react-app/static/js/async/92531.8884d92b.1.js:0
[   32439ms] [WARNING] Uncompiled message detected! Message:

> Details

That means you use raw catalog or your catalog doesn't have a translation for the message and fallback was used.
ICU features such as interpolation and plurals will not work properly for that message. 

Please compile your catalog first. 
 @ https://smile-assets.smartsheet.com/packages/@smartsheet/waui-federated-host/1.0.1779706862141/legacy-react-app/static/js/async/92531.8884d92b.1.js:0
[   33117ms] [WARNING] quill Overwriting themes/snow with class p extends a.Z{constructor(e,t){null!=t.modules.toolbar&&null==t.modules.toolbar.container&&(t.modules.toolbar.container=u),super(e,t),this.quill.container.classList.add("ql-snow")}extendToolbar(e){null!=e.container&&(e.container.classList.add("ql-snow"),this.buildButtons(e.container.querySelectorAll("button"),s.Z),this.buildPickers(e.container.querySelectorAll("select"),s.Z),this.tooltip=new d(this.quill,this.options.bounds),e.container.querySelector(".ql-link")&&this.quill.keyboard.addBinding({key:"k",shortKey:!0},(t,n)=>{e.handlers.link.call(e,!n.format.link)}))}} @ https://smile-assets.smartsheet.com/packages/@smartsheet/waui-federated-host/1.0.1779706862141/legacy-react-app/static/js/async/92531.8884d92b.1.js:0
[   33117ms] [WARNING] quill Overwriting modules/clipboard with class Z extends R.ZP{onCapturePaste(e){var t;e.preventDefault();let n=this.quill.getSelection(),a=null===(t=e.clipboardData)||void 0===t?void 0:t.getData("text/plain");if(n&&a){let e=new(s())().retain(n.index).delete(n.length).insert(a),t=a.length+n.index;this.quill.updateContents(e,"silent"),this.quill.setSelection(t,0,"silent"),this.quill.scrollIntoView()}}} @ https://smile-assets.smartsheet.com/packages/@smartsheet/waui-federated-host/1.0.1779706862141/legacy-react-app/static/js/async/92531.8884d92b.1.js:0
[   33117ms] [WARNING] quill Overwriting modules/toolbar with class c extends l.Z{constructor(e,t){if(super(e,t),Array.isArray(this.options.container)){let t=document.createElement("div");t.setAttribute("role","toolbar"),function(e,t){!Array.isArray(t[0])&&(t=[t]),t.forEach(t=>{let n=document.createElement("span");n.classList.add("ql-formats"),t.forEach(e=>{if("string"==typeof e)u(n,e);else{let t=Object.keys(e)[0],r=e[t];Array.isArray(r)?function(e,t,n){let r=document.createElement("select");r.classList.add(`ql-${t}`),n.forEach(e=>{let t=document.createElement("option");!1!==e?t.setAttribute("value",String(e)):t.setAttribute("selected","selected"),r.appendChild(t)}),e.appendChild(r)}(n,t,r):u(n,t,r)}}),e.appendChild(n)})}(t,this.options.container),e.container?.parentNode?.insertBefore(t,e.container),this.container=t}else"string"==typeof this.options.container?this.container=document.querySelector(this.options.container):this.container=this.options.container;if(!(this.container instanceof HTMLElement)){s.error("Container required for toolbar",this.options);return}this.container.classList.add("ql-toolbar"),this.controls=[],this.handlers={},this.options.handlers&&Object.keys(this.options.handlers).forEach(e=>{let t=this.options.handlers?.[e];t&&this.addHandler(e,t)}),Array.from(this.container.querySelectorAll("button, select")).forEach(e=>{this.attach(e)}),this.quill.on(o.ZP.events.EDITOR_CHANGE,()=>{let[e]=this.quill.selection.getRange();this.update(e)})}addHandler(e,t){this.handlers[e]=t}attach(e){let t=Array.from(e.classList).find(e=>0===e.indexOf("ql-"));if(!t)return;if(t=t.slice(3),"BUTTON"===e.tagName&&e.setAttribute("type","button"),null==this.handlers[t]&&null==this.quill.scroll.query(t)){s.warn("ignoring attaching to nonexistent format",t,e);return}let n="SELECT"===e.tagName?"change":"click";e.addEventListener(n,n=>{let i;if("SELECT"===e.tagName){if(e.selectedIndex<0)return;let t=e.options[e.selectedIndex];i=!t.hasAttribute("selected")&&(t.value||!1)}else i=!e.classList.contains("ql-active")&&(e.value||!e.hasAttribute("value")),n.preventDefault();this.quill.focus();let[l]=this.quill.selection.getRange();if(null!=this.handlers[t])this.handlers[t].call(this,i);else if(this.quill.scroll.query(t).prototype instanceof a.EmbedBlot){if(!(i=prompt(`Enter ${t}`)))return;this.quill.updateContents(new r().retain(l.index).delete(l.length).insert({[t]:i}),o.ZP.sources.USER)}else this.quill.format(t,i,o.ZP.sources.USER);this.update(l)}),this.controls.push([t,e])}update(e){let t=null==e?{}:this.quill.getFormat(e);this.controls.forEach(n=>{let[r,a]=n;if("SELECT"===a.tagName){let n=null;if(null==e)n=null;else if(null==t[r])n=a.querySelector("option[selected]");else if(!Array.isArray(t[r])){let e=t[r];"string"==typeof e&&(e=e.replace(/"/g,'\\"')),n=a.querySelector(`option[value="${e}"]`)}null==n?(a.value="",a.selectedIndex=-1):n.selected=!0}else if(null==e)a.classList.remove("ql-active"),a.setAttribute("aria-pressed","false");else if(a.hasAttribute("value")){let e=t[r],n=e===a.getAttribute("value")||null!=e&&e.toString()===a.getAttribute("value")||null==e&&!a.getAttribute("value");a.classList.toggle("ql-active",n),a.setAttribute("aria-pressed",n.toString())}else{let e=null!=t[r];a.classList.toggle("ql-active",e),a.setAttribute("aria-pressed",e.toString())}})}} @ https://smile-assets.smartsheet.com/packages/@smartsheet/waui-federated-host/1.0.1779706862141/legacy-react-app/static/js/async/92531.8884d92b.1.js:0
[   33237ms] [WARNING] [DEPRECATED] `context` will be removed in a future version. Instead use `import { createStore, useStore } from 'zustand'`. See: https://github.com/pmndrs/zustand/discussions/1180. @ https://smile-assets.smartsheet.com/packages/@smartsheet/waui-federated-host/1.0.1779706862141/legacy-react-app/static/js/async/92531.8884d92b.1.js:0
[   33866ms] [INFO] Baseline page load complete, after 2.683s @ https://smile-assets.smartsheet.com/packages/@smartsheet/waui-federated-host/1.0.1779706862141/legacy-app/app1_69c57729e8f9b05263ba939603320796.js:0
[   33895ms] [ERROR] UserContactsStateServiceError: No plan found for the current user. @ https://smile-assets.smartsheet.com/packages/@smartsheet/waui-federated-host/1.0.1779706862141/legacy-react-app/static/js/async/13433.b70162f9.1.js:2504
[   33988ms] Uncaught (in promise) TypeError: Cannot read properties of undefined (reading 'appendChild')
    at JscDesktop.addAssetPermissionBanner (https://smile-assets.smartsheet.com/packages/@smartsheet/waui-federated-host/1.0.1779706862141/legacy-app/app1_69c57729e8f9b05263ba939603320796.js:0:988825)
    at JscDesktop.toDOM (https://smile-assets.smartsheet.com/packages/@smartsheet/waui-federated-host/1.0.1779706862141/legacy-app/app1_69c57729e8f9b05263ba939603320796.js:0:984140)
    at <anonymous> (https://smile-assets.smartsheet.com/packages/@smartsheet/waui-federated-host/1.0.1779706862141/legacy-app/app1_69c57729e8f9b05263ba939603320796.js:0:26149)
[   35413ms] [WARNING] Engagement SDK not booted. Ignoring identity change. @ https://smile-assets.smartsheet.com/packages/@smartsheet/waui-federated-host/1.0.1779706862141/legacy-react-app/static/js/async/92531.8884d92b.1.js:0
[   35414ms] [WARNING] Engagement SDK not booted. Ignoring identity change. @ https://smile-assets.smartsheet.com/packages/@smartsheet/waui-federated-host/1.0.1779706862141/legacy-react-app/static/js/async/92531.8884d92b.1.js:0
