[     341ms] [INFO] Loaded SMILE version 447a7810 @ https://smile-assets.smartsheet.com/bootstrap/default/bootstrap.js:0
[     342ms] [INFO] Import map retrieved: {"imports":{},"scopes":{}} @ https://smile-assets.smartsheet.com/bootstrap/default/bootstrap.js:0
[     342ms] [INFO] Parsed import map: {imports: Object, scopes: Object} @ https://smile-assets.smartsheet.com/bootstrap/default/bootstrap.js:0
[     354ms] [INFO] Initializing federated host, loaded from https://smile-assets.smartsheet.com/packages/@smartsheet/waui-federated-host/1.0.1779706862141/index.js @ https://smile-assets.smartsheet.com/packages/@smartsheet/waui-federated-host/1.0.1779706862141/index.js:1
[     354ms] [INFO] Loaded WAUI version: 1779706862141 @ https://smile-assets.smartsheet.com/packages/@smartsheet/waui-federated-host/1.0.1779706862141/index.js:1
[     396ms] [LOG] Loading reactAppEntry from URL  https://smile-assets.smartsheet.com/packages/@smartsheet/waui-federated-host/1.0.1779706862141/legacy-react-app/entry.reactApp.ffc44b64c21c4766.js @ https://smile-assets.smartsheet.com/packages/@smartsheet/waui-federated-host/1.0.1779706862141/index.js:1
[     398ms] [INFO] Script loaded successfully @ https://smile-assets.smartsheet.com/bootstrap/default/bootstrap.js:0
[     978ms] [WARNING] Uncompiled message detected! Message:

> Approvals

That means you use raw catalog or your catalog doesn't have a translation for the message and fallback was used.
ICU features such as interpolation and plurals will not work properly for that message. 

Please compile your catalog first. 
 @ https://smile-assets.smartsheet.com/packages/@smartsheet/waui-federated-host/1.0.1779706862141/legacy-react-app/static/js/async/92531.8884d92b.1.js:0
[     978ms] [WARNING] Uncompiled message detected! Message:

> Conversations

That means you use raw catalog or your catalog doesn't have a translation for the message and fallback was used.
ICU features such as interpolation and plurals will not work properly for that message. 

Please compile your catalog first. 
 @ https://smile-assets.smartsheet.com/packages/@smartsheet/waui-federated-host/1.0.1779706862141/legacy-react-app/static/js/async/92531.8884d92b.1.js:0
[     978ms] [WARNING] Uncompiled message detected! Message:

> Details

That means you use raw catalog or your catalog doesn't have a translation for the message and fallback was used.
ICU features such as interpolation and plurals will not work properly for that message. 

Please compile your catalog first. 
 @ https://smile-assets.smartsheet.com/packages/@smartsheet/waui-federated-host/1.0.1779706862141/legacy-react-app/static/js/async/92531.8884d92b.1.js:0
[    1243ms] [WARNING] quill Overwriting themes/snow with class p extends a.Z{constructor(e,t){null!=t.modules.toolbar&&null==t.modules.toolbar.container&&(t.modules.toolbar.container=u),super(e,t),this.quill.container.classList.add("ql-snow")}extendToolbar(e){null!=e.container&&(e.container.classList.add("ql-snow"),this.buildButtons(e.container.querySelectorAll("button"),s.Z),this.buildPickers(e.container.querySelectorAll("select"),s.Z),this.tooltip=new d(this.quill,this.options.bounds),e.container.querySelector(".ql-link")&&this.quill.keyboard.addBinding({key:"k",shortKey:!0},(t,n)=>{e.handlers.link.call(e,!n.format.link)}))}} @ https://smile-assets.smartsheet.com/packages/@smartsheet/waui-federated-host/1.0.1779706862141/legacy-react-app/static/js/async/92531.8884d92b.1.js:0
[    1243ms] [WARNING] quill Overwriting modules/clipboard with class Z extends R.ZP{onCapturePaste(e){var t;e.preventDefault();let n=this.quill.getSelection(),a=null===(t=e.clipboardData)||void 0===t?void 0:t.getData("text/plain");if(n&&a){let e=new(s())().retain(n.index).delete(n.length).insert(a),t=a.length+n.index;this.quill.updateContents(e,"silent"),this.quill.setSelection(t,0,"silent"),this.quill.scrollIntoView()}}} @ https://smile-assets.smartsheet.com/packages/@smartsheet/waui-federated-host/1.0.1779706862141/legacy-react-app/static/js/async/92531.8884d92b.1.js:0
[    1243ms] [WARNING] quill Overwriting modules/toolbar with class c extends l.Z{constructor(e,t){if(super(e,t),Array.isArray(this.options.container)){let t=document.createElement("div");t.setAttribute("role","toolbar"),function(e,t){!Array.isArray(t[0])&&(t=[t]),t.forEach(t=>{let n=document.createElement("span");n.classList.add("ql-formats"),t.forEach(e=>{if("string"==typeof e)u(n,e);else{let t=Object.keys(e)[0],r=e[t];Array.isArray(r)?function(e,t,n){let r=document.createElement("select");r.classList.add(`ql-${t}`),n.forEach(e=>{let t=document.createElement("option");!1!==e?t.setAttribute("value",String(e)):t.setAttribute("selected","selected"),r.appendChild(t)}),e.appendChild(r)}(n,t,r):u(n,t,r)}}),e.appendChild(n)})}(t,this.options.container),e.container?.parentNode?.insertBefore(t,e.container),this.container=t}else"string"==typeof this.options.container?this.container=document.querySelector(this.options.container):this.container=this.options.container;if(!(this.container instanceof HTMLElement)){s.error("Container required for toolbar",this.options);return}this.container.classList.add("ql-toolbar"),this.controls=[],this.handlers={},this.options.handlers&&Object.keys(this.options.handlers).forEach(e=>{let t=this.options.handlers?.[e];t&&this.addHandler(e,t)}),Array.from(this.container.querySelectorAll("button, select")).forEach(e=>{this.attach(e)}),this.quill.on(o.ZP.events.EDITOR_CHANGE,()=>{let[e]=this.quill.selection.getRange();this.update(e)})}addHandler(e,t){this.handlers[e]=t}attach(e){let t=Array.from(e.classList).find(e=>0===e.indexOf("ql-"));if(!t)return;if(t=t.slice(3),"BUTTON"===e.tagName&&e.setAttribute("type","button"),null==this.handlers[t]&&null==this.quill.scroll.query(t)){s.warn("ignoring attaching to nonexistent format",t,e);return}let n="SELECT"===e.tagName?"change":"click";e.addEventListener(n,n=>{let i;if("SELECT"===e.tagName){if(e.selectedIndex<0)return;let t=e.options[e.selectedIndex];i=!t.hasAttribute("selected")&&(t.value||!1)}else i=!e.classList.contains("ql-active")&&(e.value||!e.hasAttribute("value")),n.preventDefault();this.quill.focus();let[l]=this.quill.selection.getRange();if(null!=this.handlers[t])this.handlers[t].call(this,i);else if(this.quill.scroll.query(t).prototype instanceof a.EmbedBlot){if(!(i=prompt(`Enter ${t}`)))return;this.quill.updateContents(new r().retain(l.index).delete(l.length).insert({[t]:i}),o.ZP.sources.USER)}else this.quill.format(t,i,o.ZP.sources.USER);this.update(l)}),this.controls.push([t,e])}update(e){let t=null==e?{}:this.quill.getFormat(e);this.controls.forEach(n=>{let[r,a]=n;if("SELECT"===a.tagName){let n=null;if(null==e)n=null;else if(null==t[r])n=a.querySelector("option[selected]");else if(!Array.isArray(t[r])){let e=t[r];"string"==typeof e&&(e=e.replace(/"/g,'\\"')),n=a.querySelector(`option[value="${e}"]`)}null==n?(a.value="",a.selectedIndex=-1):n.selected=!0}else if(null==e)a.classList.remove("ql-active"),a.setAttribute("aria-pressed","false");else if(a.hasAttribute("value")){let e=t[r],n=e===a.getAttribute("value")||null!=e&&e.toString()===a.getAttribute("value")||null==e&&!a.getAttribute("value");a.classList.toggle("ql-active",n),a.setAttribute("aria-pressed",n.toString())}else{let e=null!=t[r];a.classList.toggle("ql-active",e),a.setAttribute("aria-pressed",e.toString())}})}} @ https://smile-assets.smartsheet.com/packages/@smartsheet/waui-federated-host/1.0.1779706862141/legacy-react-app/static/js/async/92531.8884d92b.1.js:0
[    1271ms] [WARNING] [DEPRECATED] `context` will be removed in a future version. Instead use `import { createStore, useStore } from 'zustand'`. See: https://github.com/pmndrs/zustand/discussions/1180. @ https://smile-assets.smartsheet.com/packages/@smartsheet/waui-federated-host/1.0.1779706862141/legacy-react-app/static/js/async/92531.8884d92b.1.js:0
[    1840ms] [INFO] Baseline page load complete, after 1.5s @ https://smile-assets.smartsheet.com/packages/@smartsheet/waui-federated-host/1.0.1779706862141/legacy-app/app1_69c57729e8f9b05263ba939603320796.js:0
[    1856ms] [ERROR] UserContactsStateServiceError: No plan found for the current user. @ https://smile-assets.smartsheet.com/packages/@smartsheet/waui-federated-host/1.0.1779706862141/legacy-react-app/static/js/async/13433.b70162f9.1.js:2504
[    1932ms] Uncaught (in promise) TypeError: Cannot read properties of undefined (reading 'appendChild')
    at JscDesktop.addAssetPermissionBanner (https://smile-assets.smartsheet.com/packages/@smartsheet/waui-federated-host/1.0.1779706862141/legacy-app/app1_69c57729e8f9b05263ba939603320796.js:0:988825)
    at JscDesktop.toDOM (https://smile-assets.smartsheet.com/packages/@smartsheet/waui-federated-host/1.0.1779706862141/legacy-app/app1_69c57729e8f9b05263ba939603320796.js:0:984140)
    at <anonymous> (https://smile-assets.smartsheet.com/packages/@smartsheet/waui-federated-host/1.0.1779706862141/legacy-app/app1_69c57729e8f9b05263ba939603320796.js:0:26149)
